mode: set
github.com/p12s/fintech-link-shorter/internal/notation/notation.go:13.28,15.2 1 1
github.com/p12s/fintech-link-shorter/internal/notation/notation.go:19.48,21.2 1 1
github.com/p12s/fintech-link-shorter/pkg/repository/link_sqlite3.go:16.46,21.2 1 0
github.com/p12s/fintech-link-shorter/pkg/repository/link_sqlite3.go:23.73,27.16 3 0
github.com/p12s/fintech-link-shorter/pkg/repository/link_sqlite3.go:31.2,35.16 5 0
github.com/p12s/fintech-link-shorter/pkg/repository/link_sqlite3.go:43.2,46.16 4 0
github.com/p12s/fintech-link-shorter/pkg/repository/link_sqlite3.go:54.2,56.16 1 0
github.com/p12s/fintech-link-shorter/pkg/repository/link_sqlite3.go:27.16,29.3 1 0
github.com/p12s/fintech-link-shorter/pkg/repository/link_sqlite3.go:35.16,37.25 2 0
github.com/p12s/fintech-link-shorter/pkg/repository/link_sqlite3.go:40.3,40.23 1 0
github.com/p12s/fintech-link-shorter/pkg/repository/link_sqlite3.go:37.25,39.4 1 0
github.com/p12s/fintech-link-shorter/pkg/repository/link_sqlite3.go:46.16,48.25 2 0
github.com/p12s/fintech-link-shorter/pkg/repository/link_sqlite3.go:51.3,51.23 1 0
github.com/p12s/fintech-link-shorter/pkg/repository/link_sqlite3.go:48.25,50.4 1 0
github.com/p12s/fintech-link-shorter/pkg/repository/link_sqlite3.go:59.72,64.16 4 0
github.com/p12s/fintech-link-shorter/pkg/repository/link_sqlite3.go:68.2,68.46 1 0
github.com/p12s/fintech-link-shorter/pkg/repository/link_sqlite3.go:64.16,66.3 1 0
github.com/p12s/fintech-link-shorter/pkg/repository/repository.go:17.44,21.2 1 0
github.com/p12s/fintech-link-shorter/pkg/repository/sqlite3.go:17.51,19.99 1 0
github.com/p12s/fintech-link-shorter/pkg/repository/sqlite3.go:26.2,27.16 2 0
github.com/p12s/fintech-link-shorter/pkg/repository/sqlite3.go:31.2,32.16 2 0
github.com/p12s/fintech-link-shorter/pkg/repository/sqlite3.go:36.2,37.16 2 0
github.com/p12s/fintech-link-shorter/pkg/repository/sqlite3.go:41.2,41.16 1 0
github.com/p12s/fintech-link-shorter/pkg/repository/sqlite3.go:19.99,21.17 2 0
github.com/p12s/fintech-link-shorter/pkg/repository/sqlite3.go:21.17,23.4 1 0
github.com/p12s/fintech-link-shorter/pkg/repository/sqlite3.go:27.16,29.3 1 0
github.com/p12s/fintech-link-shorter/pkg/repository/sqlite3.go:32.16,34.3 1 0
github.com/p12s/fintech-link-shorter/pkg/repository/sqlite3.go:37.16,39.3 1 0
github.com/p12s/fintech-link-shorter/pkg/repository/sqlite3.go:44.45,46.24 2 0
github.com/p12s/fintech-link-shorter/pkg/repository/sqlite3.go:49.2,49.22 1 0
github.com/p12s/fintech-link-shorter/pkg/repository/sqlite3.go:46.24,48.3 1 0
github.com/p12s/fintech-link-shorter/pkg/repository/sqlite3.go:52.67,54.24 2 0
github.com/p12s/fintech-link-shorter/pkg/repository/sqlite3.go:57.2,57.51 1 0
github.com/p12s/fintech-link-shorter/pkg/repository/sqlite3.go:54.24,56.3 1 0
